suite/audio_quality/client/build/intermediates/manifest_merge_blame_file/debug/processDebugMainManifest/manifest-merger-blame-debug-report.txt
1<?xml version="1.0" encoding="utf-8"?>
2<!--
3 Copyright (C) 2012 The Android Open Source Project
4
5     Licensed under the Apache License, Version 2.0 (the "License");
6     you may not use this file except in compliance with the License.
7     You may obtain a copy of the License at
8
9          http://www.apache.org/licenses/LICENSE-2.0
10
11     Unless required by applicable law or agreed to in writing, software
12     distributed under the License is distributed on an "AS IS" BASIS,
13     WITHOUT WARRANTIES OR CONDITIONS OF ANY KIND, either express or implied.
14     See the License for the specific language governing permissions and
15     limitations under the License.
16-->
17<manifest xmlns:android="http://schemas.android.com/apk/res/android"
18    package="com.android.cts.audiotest"
19    android:versionCode="1"
20    android:versionName="1.0" >
21
22    <uses-sdk
22-->INJECTED
23        android:minSdkVersion="16"
23-->INJECTED
24        android:targetSdkVersion="19" />
24-->INJECTED
25
26    <uses-permission android:name="android.permission.DISABLE_KEYGUARD" />
26-->audio_quality/client/AndroidManifest.xml:19:1-71
26-->audio_quality/client/AndroidManifest.xml:19:18-68
27    <uses-permission android:name="android.permission.INTERNET" />
27-->audio_quality/client/AndroidManifest.xml:20:1-62
27-->audio_quality/client/AndroidManifest.xml:20:18-60
28    <uses-permission android:name="android.permission.RECORD_AUDIO" />
28-->audio_quality/client/AndroidManifest.xml:21:1-66
28-->audio_quality/client/AndroidManifest.xml:21:18-64
29
30    <application
30-->audio_quality/client/AndroidManifest.xml:23:5-36:19
31        android:debuggable="true"
32        android:extractNativeLibs="true"
32-->INJECTED
33        android:label="@string/app_name" >
33-->audio_quality/client/AndroidManifest.xml:24:9-41
34        <activity
34-->audio_quality/client/AndroidManifest.xml:25:9-35:20
35            android:name="com.android.cts.audiotest.CtsAudioClientActivity"
35-->audio_quality/client/AndroidManifest.xml:26:13-51
36            android:configChanges="keyboard|keyboardHidden|orientation|screenSize|uiMode"
36-->audio_quality/client/AndroidManifest.xml:29:13-90
37            android:exported="true"
37-->audio_quality/client/AndroidManifest.xml:28:13-36
38            android:label="@string/app_name" >
38-->audio_quality/client/AndroidManifest.xml:27:13-45
39            <intent-filter>
39-->audio_quality/client/AndroidManifest.xml:30:13-34:29
40                <action android:name="android.intent.action.MAIN" />
40-->audio_quality/client/AndroidManifest.xml:31:17-69
40-->audio_quality/client/AndroidManifest.xml:31:25-66
41
42                <category android:name="android.intent.category.LAUNCHER" />
42-->audio_quality/client/AndroidManifest.xml:33:17-77
42-->audio_quality/client/AndroidManifest.xml:33:27-74
43            </intent-filter>
44        </activity>
45    </application>
46
47</manifest>